c:\users\administrator\source\repos\narakacheat\naraka\x64\release\vc142.pdb
c:\users\administrator\source\repos\narakacheat\naraka\x64\release\sdk.obj
c:\users\administrator\source\repos\narakacheat\naraka\x64\release\nvidia.obj
c:\users\administrator\source\repos\narakacheat\naraka\x64\release\main.obj
c:\users\administrator\source\repos\narakacheat\naraka\x64\release\hack.obj
d:\mydatas\databackup\source\repos\narakacheat\naraka\x64\release\vc143.pdb
d:\mydatas\databackup\source\repos\narakacheat\naraka\x64\release\sdk.obj
d:\mydatas\databackup\source\repos\narakacheat\naraka\x64\release\nvidia.obj
d:\mydatas\databackup\source\repos\narakacheat\naraka\x64\release\main.obj
d:\mydatas\databackup\source\repos\narakacheat\naraka\x64\release\hack.obj
c:\users\administrator\source\repos\narakacheat\x64\release\naraka.exe
c:\users\administrator\source\repos\narakacheat\naraka\x64\release\naraka.ipdb
c:\users\administrator\source\repos\narakacheat\naraka\x64\release\naraka.iobj
c:\users\administrator\source\repos\narakacheat\x64\release\naraka.pdb
d:\mydatas\databackup\source\repos\narakacheat\x64\release\naraka.exe
d:\mydatas\databackup\source\repos\narakacheat\naraka\x64\release\naraka.ipdb
d:\mydatas\databackup\source\repos\narakacheat\x64\release\naraka.pdb
d:\mydatas\databackup\source\repos\narakacheat\naraka\x64\release\naraka.iobj
d:\mydatas\databackup\source\repos\narakacheat\naraka\x64\release\vc142.pdb
d:\mydatas\databackup\source\repos\narakacheat\naraka\x64\release\naraka.tlog\cl.command.1.tlog
d:\mydatas\databackup\source\repos\narakacheat\naraka\x64\release\naraka.tlog\cl.read.1.tlog
d:\mydatas\databackup\source\repos\narakacheat\naraka\x64\release\naraka.tlog\cl.write.1.tlog
d:\mydatas\databackup\source\repos\narakacheat\naraka\x64\release\naraka.tlog\link.command.1.tlog
d:\mydatas\databackup\source\repos\narakacheat\naraka\x64\release\naraka.tlog\link.read.1.tlog
d:\mydatas\databackup\source\repos\narakacheat\naraka\x64\release\naraka.tlog\link.write.1.tlog
